Analysis & Synthesis report for LCDfatma
Wed Oct 09 15:19:16 2019
Quartus II 64-Bit Version 10.1 Build 197 01/19/2011 Service Pack 1 SJ Web Edition


---------------------
; Table of Contents ;
---------------------
  1. Legal Notice
  2. Analysis & Synthesis Summary
  3. Analysis & Synthesis Settings
  4. Parallel Compilation
  5. Analysis & Synthesis Source Files Read
  6. Analysis & Synthesis Resource Usage Summary
  7. Analysis & Synthesis Resource Utilization by Entity
  8. State Machine - |LCDfatma|ac_state
  9. User-Specified and Inferred Latches
 10. Registers Removed During Synthesis
 11. General Register Statistics
 12. Parameter Settings for User Entity Instance: Top-level Entity: |LCDfatma
 13. Elapsed Time Per Partition
 14. Analysis & Synthesis Messages
 15. Analysis & Synthesis Suppressed Messages



----------------
; Legal Notice ;
----------------
Copyright (C) 1991-2011 Altera Corporation
Your use of Altera Corporation's design tools, logic functions 
and other software and tools, and its AMPP partner logic 
functions, and any output files from any of the foregoing 
(including device programming or simulation files), and any 
associated documentation or information are expressly subject 
to the terms and conditions of the Altera Program License 
Subscription Agreement, Altera MegaCore Function License 
Agreement, or other applicable license agreement, including, 
without limitation, that your use is for the sole purpose of 
programming logic devices manufactured by Altera and sold by 
Altera or its authorized distributors.  Please refer to the 
applicable agreement for further details.



+------------------------------------------------------------------------------------+
; Analysis & Synthesis Summary                                                       ;
+------------------------------------+-----------------------------------------------+
; Analysis & Synthesis Status        ; Successful - Wed Oct 09 15:19:16 2019         ;
; Quartus II 64-Bit Version          ; 10.1 Build 197 01/19/2011 SP 1 SJ Web Edition ;
; Revision Name                      ; LCDfatma                                      ;
; Top-level Entity Name              ; LCDfatma                                      ;
; Family                             ; Cyclone II                                    ;
; Total logic elements               ; 95                                            ;
;     Total combinational functions  ; 59                                            ;
;     Dedicated logic registers      ; 62                                            ;
; Total registers                    ; 62                                            ;
; Total pins                         ; 15                                            ;
; Total virtual pins                 ; 0                                             ;
; Total memory bits                  ; 0                                             ;
; Embedded Multiplier 9-bit elements ; 0                                             ;
; Total PLLs                         ; 0                                             ;
+------------------------------------+-----------------------------------------------+


+----------------------------------------------------------------------------------------------------------------------+
; Analysis & Synthesis Settings                                                                                        ;
+----------------------------------------------------------------------------+--------------------+--------------------+
; Option                                                                     ; Setting            ; Default Value      ;
+----------------------------------------------------------------------------+--------------------+--------------------+
; Device                                                                     ; EP2C35F672C6       ;                    ;
; Top-level entity name                                                      ; LCDfatma           ; LCDfatma           ;
; Family name                                                                ; Cyclone II         ; Cyclone IV GX      ;
; Use smart compilation                                                      ; Off                ; Off                ;
; Enable parallel Assembler and TimeQuest Timing Analyzer during compilation ; On                 ; On                 ;
; Enable compact report table                                                ; Off                ; Off                ;
; Restructure Multiplexers                                                   ; Auto               ; Auto               ;
; Create Debugging Nodes for IP Cores                                        ; Off                ; Off                ;
; Preserve fewer node names                                                  ; On                 ; On                 ;
; Disable OpenCore Plus hardware evaluation                                  ; Off                ; Off                ;
; Verilog Version                                                            ; Verilog_2001       ; Verilog_2001       ;
; VHDL Version                                                               ; VHDL_1993          ; VHDL_1993          ;
; State Machine Processing                                                   ; Auto               ; Auto               ;
; Safe State Machine                                                         ; Off                ; Off                ;
; Extract Verilog State Machines                                             ; On                 ; On                 ;
; Extract VHDL State Machines                                                ; On                 ; On                 ;
; Ignore Verilog initial constructs                                          ; Off                ; Off                ;
; Iteration limit for constant Verilog loops                                 ; 5000               ; 5000               ;
; Iteration limit for non-constant Verilog loops                             ; 250                ; 250                ;
; Add Pass-Through Logic to Inferred RAMs                                    ; On                 ; On                 ;
; Parallel Synthesis                                                         ; On                 ; On                 ;
; DSP Block Balancing                                                        ; Auto               ; Auto               ;
; NOT Gate Push-Back                                                         ; On                 ; On                 ;
; Power-Up Don't Care                                                        ; On                 ; On                 ;
; Remove Redundant Logic Cells                                               ; Off                ; Off                ;
; Remove Duplicate Registers                                                 ; On                 ; On                 ;
; Ignore CARRY Buffers                                                       ; Off                ; Off                ;
; Ignore CASCADE Buffers                                                     ; Off                ; Off                ;
; Ignore GLOBAL Buffers                                                      ; Off                ; Off                ;
; Ignore ROW GLOBAL Buffers                                                  ; Off                ; Off                ;
; Ignore LCELL Buffers                                                       ; Off                ; Off                ;
; Ignore SOFT Buffers                                                        ; On                 ; On                 ;
; Limit AHDL Integers to 32 Bits                                             ; Off                ; Off                ;
; Optimization Technique                                                     ; Balanced           ; Balanced           ;
; Carry Chain Length                                                         ; 70                 ; 70                 ;
; Auto Carry Chains                                                          ; On                 ; On                 ;
; Auto Open-Drain Pins                                                       ; On                 ; On                 ;
; Perform WYSIWYG Primitive Resynthesis                                      ; Off                ; Off                ;
; Auto ROM Replacement                                                       ; On                 ; On                 ;
; Auto RAM Replacement                                                       ; On                 ; On                 ;
; Auto Shift Register Replacement                                            ; Auto               ; Auto               ;
; Auto Clock Enable Replacement                                              ; On                 ; On                 ;
; Strict RAM Replacement                                                     ; Off                ; Off                ;
; Allow Synchronous Control Signals                                          ; On                 ; On                 ;
; Force Use of Synchronous Clear Signals                                     ; Off                ; Off                ;
; Auto RAM to Logic Cell Conversion                                          ; Off                ; Off                ;
; Auto Resource Sharing                                                      ; Off                ; Off                ;
; Allow Any RAM Size For Recognition                                         ; Off                ; Off                ;
; Allow Any ROM Size For Recognition                                         ; Off                ; Off                ;
; Allow Any Shift Register Size For Recognition                              ; Off                ; Off                ;
; Use LogicLock Constraints during Resource Balancing                        ; On                 ; On                 ;
; Ignore translate_off and synthesis_off directives                          ; Off                ; Off                ;
; Timing-Driven Synthesis                                                    ; Off                ; Off                ;
; Report Parameter Settings                                                  ; On                 ; On                 ;
; Report Source Assignments                                                  ; On                 ; On                 ;
; Report Connectivity Checks                                                 ; On                 ; On                 ;
; Ignore Maximum Fan-Out Assignments                                         ; Off                ; Off                ;
; Synchronization Register Chain Length                                      ; 2                  ; 2                  ;
; PowerPlay Power Optimization                                               ; Normal compilation ; Normal compilation ;
; HDL message level                                                          ; Level2             ; Level2             ;
; Suppress Register Optimization Related Messages                            ; Off                ; Off                ;
; Number of Removed Registers Reported in Synthesis Report                   ; 5000               ; 5000               ;
; Number of Inverted Registers Reported in Synthesis Report                  ; 100                ; 100                ;
; Clock MUX Protection                                                       ; On                 ; On                 ;
; Auto Gated Clock Conversion                                                ; Off                ; Off                ;
; Block Design Naming                                                        ; Auto               ; Auto               ;
; SDC constraint protection                                                  ; Off                ; Off                ;
; Synthesis Effort                                                           ; Auto               ; Auto               ;
; Shift Register Replacement - Allow Asynchronous Clear Signal               ; On                 ; On                 ;
; Analysis & Synthesis Message Level                                         ; Medium             ; Medium             ;
; Disable Register Merging Across Hierarchies                                ; Auto               ; Auto               ;
; Resource Aware Inference For Block RAM                                     ; On                 ; On                 ;
; Synthesis Seed                                                             ; 1                  ; 1                  ;
+----------------------------------------------------------------------------+--------------------+--------------------+


Parallel compilation was disabled, but you have multiple processors available. Enable parallel compilation to reduce compilation time.
+-------------------------------------+
; Parallel Compilation                ;
+----------------------------+--------+
; Processors                 ; Number ;
+----------------------------+--------+
; Number detected on machine ; 4      ;
; Maximum allowed            ; 1      ;
+----------------------------+--------+


+------------------------------------------------------------------------------------------------------------+
; Analysis & Synthesis Source Files Read                                                                     ;
+----------------------------------+-----------------+------------------------+------------------------------+
; File Name with User-Entered Path ; Used in Netlist ; File Type              ; File Name with Absolute Path ;
+----------------------------------+-----------------+------------------------+------------------------------+
; LCDfatma.v                       ; yes             ; User Verilog HDL File  ; C:/de2/LCDfatma/LCDfatma.v   ;
+----------------------------------+-----------------+------------------------+------------------------------+


+-----------------------------------------------------+
; Analysis & Synthesis Resource Usage Summary         ;
+---------------------------------------------+-------+
; Resource                                    ; Usage ;
+---------------------------------------------+-------+
; Estimated Total logic elements              ; 95    ;
;                                             ;       ;
; Total combinational functions               ; 59    ;
; Logic element usage by number of LUT inputs ;       ;
;     -- 4 input functions                    ; 19    ;
;     -- 3 input functions                    ; 17    ;
;     -- <=2 input functions                  ; 23    ;
;                                             ;       ;
; Logic elements by mode                      ;       ;
;     -- normal mode                          ; 42    ;
;     -- arithmetic mode                      ; 17    ;
;                                             ;       ;
; Total registers                             ; 62    ;
;     -- Dedicated logic registers            ; 62    ;
;     -- I/O registers                        ; 0     ;
;                                             ;       ;
; I/O pins                                    ; 15    ;
; Maximum fan-out node                        ; clk   ;
; Maximum fan-out                             ; 62    ;
; Total fan-out                               ; 405   ;
; Average fan-out                             ; 2.98  ;
+---------------------------------------------+-------+


+-----------------------------------------------------------------------------------------------------------------------------------------------------------------------------+
; Analysis & Synthesis Resource Utilization by Entity                                                                                                                         ;
+----------------------------+-------------------+--------------+-------------+--------------+---------+-----------+------+--------------+---------------------+--------------+
; Compilation Hierarchy Node ; LC Combinationals ; LC Registers ; Memory Bits ; DSP Elements ; DSP 9x9 ; DSP 18x18 ; Pins ; Virtual Pins ; Full Hierarchy Name ; Library Name ;
+----------------------------+-------------------+--------------+-------------+--------------+---------+-----------+------+--------------+---------------------+--------------+
; |LCDfatma                  ; 59 (59)           ; 62 (62)      ; 0           ; 0            ; 0       ; 0         ; 15   ; 0            ; |LCDfatma           ;              ;
+----------------------------+-------------------+--------------+-------------+--------------+---------+-----------+------+--------------+---------------------+--------------+
Note: For table entries with two numbers listed, the numbers in parentheses indicate the number of resources of the given type used by the specific entity alone. The numbers listed outside of parentheses indicate the total resources of the given type used by the specific entity and all of its sub-entities in the hierarchy.


Encoding Type:  One-Hot
+---------------------------------------------------------------------------------------------------------------------------------------------------------------------------------------------------------------------------------------------------------------------------------------------------------------------------------------------------------------------------------------------------------------------------------------------------------------------------------------------------------------------------------------------------------------------------------------------------------------------------------------------------------------------------------------------------------------------------------------------------------------------------------------------------------------------+
; State Machine - |LCDfatma|ac_state                                                                                                                                                                                                                                                                                                                                                                                                                                                                                                                                                                                                                                                                                                                                                                                  ;
+--------------------------------+----------------+-------------------+--------------------------------+--------------------------------+------------------+------------------+------------------+------------------+------------------+------------------+------------------+------------------+------------------+------------------+------------------+------------------+------------------+------------------+------------------+------------------+------------------+------------------+------------------+------------------+------------------+------------------+-----------------+-----------------+-----------------+-----------------+-----------------+-----------------+-----------------+-----------------+-----------------+-----------------+--------------------+------------------+---------------+
; Name                           ; ac_state.shift ; ac_state.wait_cnt ; ac_state.Func_Disp_Addr_cmd_40 ; ac_state.Func_Disp_Addr_cmd_00 ; ac_state.Lett_31 ; ac_state.Lett_30 ; ac_state.Lett_29 ; ac_state.Lett_28 ; ac_state.Lett_27 ; ac_state.Lett_26 ; ac_state.Lett_25 ; ac_state.Lett_24 ; ac_state.Lett_23 ; ac_state.Lett_22 ; ac_state.Lett_21 ; ac_state.Lett_20 ; ac_state.Lett_19 ; ac_state.Lett_18 ; ac_state.Lett_17 ; ac_state.Lett_16 ; ac_state.Lett_15 ; ac_state.Lett_14 ; ac_state.Lett_13 ; ac_state.Lett_12 ; ac_state.Lett_11 ; ac_state.Lett_10 ; ac_state.Lett_9 ; ac_state.Lett_8 ; ac_state.Lett_7 ; ac_state.Lett_6 ; ac_state.Lett_5 ; ac_state.Lett_4 ; ac_state.Lett_3 ; ac_state.Lett_2 ; ac_state.Lett_1 ; ac_state.Lett_0 ; ac_state.Two_lines ; ac_state.Turn_on ; ac_state.init ;
+--------------------------------+----------------+-------------------+--------------------------------+--------------------------------+------------------+------------------+------------------+------------------+------------------+------------------+------------------+------------------+------------------+------------------+------------------+------------------+------------------+------------------+------------------+------------------+------------------+------------------+------------------+------------------+------------------+------------------+-----------------+-----------------+-----------------+-----------------+-----------------+-----------------+-----------------+-----------------+-----------------+-----------------+--------------------+------------------+---------------+
; ac_state.init                  ; 0              ; 0                 ; 0                              ; 0                              ; 0                ; 0                ; 0                ; 0                ; 0                ; 0                ; 0                ; 0                ; 0                ; 0                ; 0                ; 0                ; 0                ; 0                ; 0                ; 0                ; 0                ; 0                ; 0                ; 0                ; 0                ; 0                ; 0               ; 0               ; 0               ; 0               ; 0               ; 0               ; 0               ; 0               ; 0               ; 0               ; 0                  ; 0                ; 0             ;
; ac_state.Turn_on               ; 0              ; 0                 ; 0                              ; 0                              ; 0                ; 0                ; 0                ; 0                ; 0                ; 0                ; 0                ; 0                ; 0                ; 0                ; 0                ; 0                ; 0                ; 0                ; 0                ; 0                ; 0                ; 0                ; 0                ; 0                ; 0                ; 0                ; 0               ; 0               ; 0               ; 0               ; 0               ; 0               ; 0               ; 0               ; 0               ; 0               ; 0                  ; 1                ; 1             ;
; ac_state.Two_lines             ; 0              ; 0                 ; 0                              ; 0                              ; 0                ; 0                ; 0                ; 0                ; 0                ; 0                ; 0                ; 0                ; 0                ; 0                ; 0                ; 0                ; 0                ; 0                ; 0                ; 0                ; 0                ; 0                ; 0                ; 0                ; 0                ; 0                ; 0               ; 0               ; 0               ; 0               ; 0               ; 0               ; 0               ; 0               ; 0               ; 0               ; 1                  ; 0                ; 1             ;
; ac_state.Lett_0                ; 0              ; 0                 ; 0                              ; 0                              ; 0                ; 0                ; 0                ; 0                ; 0                ; 0                ; 0                ; 0                ; 0                ; 0                ; 0                ; 0                ; 0                ; 0                ; 0                ; 0                ; 0                ; 0                ; 0                ; 0                ; 0                ; 0                ; 0               ; 0               ; 0               ; 0               ; 0               ; 0               ; 0               ; 0               ; 0               ; 1               ; 0                  ; 0                ; 1             ;
; ac_state.Lett_1                ; 0              ; 0                 ; 0                              ; 0                              ; 0                ; 0                ; 0                ; 0                ; 0                ; 0                ; 0                ; 0                ; 0                ; 0                ; 0                ; 0                ; 0                ; 0                ; 0                ; 0                ; 0                ; 0                ; 0                ; 0                ; 0                ; 0                ; 0               ; 0               ; 0               ; 0               ; 0               ; 0               ; 0               ; 0               ; 1               ; 0               ; 0                  ; 0                ; 1             ;
; ac_state.Lett_2                ; 0              ; 0                 ; 0                              ; 0                              ; 0                ; 0                ; 0                ; 0                ; 0                ; 0                ; 0                ; 0                ; 0                ; 0                ; 0                ; 0                ; 0                ; 0                ; 0                ; 0                ; 0                ; 0                ; 0                ; 0                ; 0                ; 0                ; 0               ; 0               ; 0               ; 0               ; 0               ; 0               ; 0               ; 1               ; 0               ; 0               ; 0                  ; 0                ; 1             ;
; ac_state.Lett_3                ; 0              ; 0                 ; 0                              ; 0                              ; 0                ; 0                ; 0                ; 0                ; 0                ; 0                ; 0                ; 0                ; 0                ; 0                ; 0                ; 0                ; 0                ; 0                ; 0                ; 0                ; 0                ; 0                ; 0                ; 0                ; 0                ; 0                ; 0               ; 0               ; 0               ; 0               ; 0               ; 0               ; 1               ; 0               ; 0               ; 0               ; 0                  ; 0                ; 1             ;
; ac_state.Lett_4                ; 0              ; 0                 ; 0                              ; 0                              ; 0                ; 0                ; 0                ; 0                ; 0                ; 0                ; 0                ; 0                ; 0                ; 0                ; 0                ; 0                ; 0                ; 0                ; 0                ; 0                ; 0                ; 0                ; 0                ; 0                ; 0                ; 0                ; 0               ; 0               ; 0               ; 0               ; 0               ; 1               ; 0               ; 0               ; 0               ; 0               ; 0                  ; 0                ; 1             ;
; ac_state.Lett_5                ; 0              ; 0                 ; 0                              ; 0                              ; 0                ; 0                ; 0                ; 0                ; 0                ; 0                ; 0                ; 0                ; 0                ; 0                ; 0                ; 0                ; 0                ; 0                ; 0                ; 0                ; 0                ; 0                ; 0                ; 0                ; 0                ; 0                ; 0               ; 0               ; 0               ; 0               ; 1               ; 0               ; 0               ; 0               ; 0               ; 0               ; 0                  ; 0                ; 1             ;
; ac_state.Lett_6                ; 0              ; 0                 ; 0                              ; 0                              ; 0                ; 0                ; 0                ; 0                ; 0                ; 0                ; 0                ; 0                ; 0                ; 0                ; 0                ; 0                ; 0                ; 0                ; 0                ; 0                ; 0                ; 0                ; 0                ; 0                ; 0                ; 0                ; 0               ; 0               ; 0               ; 1               ; 0               ; 0               ; 0               ; 0               ; 0               ; 0               ; 0                  ; 0                ; 1             ;
; ac_state.Lett_7                ; 0              ; 0                 ; 0                              ; 0                              ; 0                ; 0                ; 0                ; 0                ; 0                ; 0                ; 0                ; 0                ; 0                ; 0                ; 0                ; 0                ; 0                ; 0                ; 0                ; 0                ; 0                ; 0                ; 0                ; 0                ; 0                ; 0                ; 0               ; 0               ; 1               ; 0               ; 0               ; 0               ; 0               ; 0               ; 0               ; 0               ; 0                  ; 0                ; 1             ;
; ac_state.Lett_8                ; 0              ; 0                 ; 0                              ; 0                              ; 0                ; 0                ; 0                ; 0                ; 0                ; 0                ; 0                ; 0                ; 0                ; 0                ; 0                ; 0                ; 0                ; 0                ; 0                ; 0                ; 0                ; 0                ; 0                ; 0                ; 0                ; 0                ; 0               ; 1               ; 0               ; 0               ; 0               ; 0               ; 0               ; 0               ; 0               ; 0               ; 0                  ; 0                ; 1             ;
; ac_state.Lett_9                ; 0              ; 0                 ; 0                              ; 0                              ; 0                ; 0                ; 0                ; 0                ; 0                ; 0                ; 0                ; 0                ; 0                ; 0                ; 0                ; 0                ; 0                ; 0                ; 0                ; 0                ; 0                ; 0                ; 0                ; 0                ; 0                ; 0                ; 1               ; 0               ; 0               ; 0               ; 0               ; 0               ; 0               ; 0               ; 0               ; 0               ; 0                  ; 0                ; 1             ;
; ac_state.Lett_10               ; 0              ; 0                 ; 0                              ; 0                              ; 0                ; 0                ; 0                ; 0                ; 0                ; 0                ; 0                ; 0                ; 0                ; 0                ; 0                ; 0                ; 0                ; 0                ; 0                ; 0                ; 0                ; 0                ; 0                ; 0                ; 0                ; 1                ; 0               ; 0               ; 0               ; 0               ; 0               ; 0               ; 0               ; 0               ; 0               ; 0               ; 0                  ; 0                ; 1             ;
; ac_state.Lett_11               ; 0              ; 0                 ; 0                              ; 0                              ; 0                ; 0                ; 0                ; 0                ; 0                ; 0                ; 0                ; 0                ; 0                ; 0                ; 0                ; 0                ; 0                ; 0                ; 0                ; 0                ; 0                ; 0                ; 0                ; 0                ; 1                ; 0                ; 0               ; 0               ; 0               ; 0               ; 0               ; 0               ; 0               ; 0               ; 0               ; 0               ; 0                  ; 0                ; 1             ;
; ac_state.Lett_12               ; 0              ; 0                 ; 0                              ; 0                              ; 0                ; 0                ; 0                ; 0                ; 0                ; 0                ; 0                ; 0                ; 0                ; 0                ; 0                ; 0                ; 0                ; 0                ; 0                ; 0                ; 0                ; 0                ; 0                ; 1                ; 0                ; 0                ; 0               ; 0               ; 0               ; 0               ; 0               ; 0               ; 0               ; 0               ; 0               ; 0               ; 0                  ; 0                ; 1             ;
; ac_state.Lett_13               ; 0              ; 0                 ; 0                              ; 0                              ; 0                ; 0                ; 0                ; 0                ; 0                ; 0                ; 0                ; 0                ; 0                ; 0                ; 0                ; 0                ; 0                ; 0                ; 0                ; 0                ; 0                ; 0                ; 1                ; 0                ; 0                ; 0                ; 0               ; 0               ; 0               ; 0               ; 0               ; 0               ; 0               ; 0               ; 0               ; 0               ; 0                  ; 0                ; 1             ;
; ac_state.Lett_14               ; 0              ; 0                 ; 0                              ; 0                              ; 0                ; 0                ; 0                ; 0                ; 0                ; 0                ; 0                ; 0                ; 0                ; 0                ; 0                ; 0                ; 0                ; 0                ; 0                ; 0                ; 0                ; 1                ; 0                ; 0                ; 0                ; 0                ; 0               ; 0               ; 0               ; 0               ; 0               ; 0               ; 0               ; 0               ; 0               ; 0               ; 0                  ; 0                ; 1             ;
; ac_state.Lett_15               ; 0              ; 0                 ; 0                              ; 0                              ; 0                ; 0                ; 0                ; 0                ; 0                ; 0                ; 0                ; 0                ; 0                ; 0                ; 0                ; 0                ; 0                ; 0                ; 0                ; 0                ; 1                ; 0                ; 0                ; 0                ; 0                ; 0                ; 0               ; 0               ; 0               ; 0               ; 0               ; 0               ; 0               ; 0               ; 0               ; 0               ; 0                  ; 0                ; 1             ;
; ac_state.Lett_16               ; 0              ; 0                 ; 0                              ; 0                              ; 0                ; 0                ; 0                ; 0                ; 0                ; 0                ; 0                ; 0                ; 0                ; 0                ; 0                ; 0                ; 0                ; 0                ; 0                ; 1                ; 0                ; 0                ; 0                ; 0                ; 0                ; 0                ; 0               ; 0               ; 0               ; 0               ; 0               ; 0               ; 0               ; 0               ; 0               ; 0               ; 0                  ; 0                ; 1             ;
; ac_state.Lett_17               ; 0              ; 0                 ; 0                              ; 0                              ; 0                ; 0                ; 0                ; 0                ; 0                ; 0                ; 0                ; 0                ; 0                ; 0                ; 0                ; 0                ; 0                ; 0                ; 1                ; 0                ; 0                ; 0                ; 0                ; 0                ; 0                ; 0                ; 0               ; 0               ; 0               ; 0               ; 0               ; 0               ; 0               ; 0               ; 0               ; 0               ; 0                  ; 0                ; 1             ;
; ac_state.Lett_18               ; 0              ; 0                 ; 0                              ; 0                              ; 0                ; 0                ; 0                ; 0                ; 0                ; 0                ; 0                ; 0                ; 0                ; 0                ; 0                ; 0                ; 0                ; 1                ; 0                ; 0                ; 0                ; 0                ; 0                ; 0                ; 0                ; 0                ; 0               ; 0               ; 0               ; 0               ; 0               ; 0               ; 0               ; 0               ; 0               ; 0               ; 0                  ; 0                ; 1             ;
; ac_state.Lett_19               ; 0              ; 0                 ; 0                              ; 0                              ; 0                ; 0                ; 0                ; 0                ; 0                ; 0                ; 0                ; 0                ; 0                ; 0                ; 0                ; 0                ; 1                ; 0                ; 0                ; 0                ; 0                ; 0                ; 0                ; 0                ; 0                ; 0                ; 0               ; 0               ; 0               ; 0               ; 0               ; 0               ; 0               ; 0               ; 0               ; 0               ; 0                  ; 0                ; 1             ;
; ac_state.Lett_20               ; 0              ; 0                 ; 0                              ; 0                              ; 0                ; 0                ; 0                ; 0                ; 0                ; 0                ; 0                ; 0                ; 0                ; 0                ; 0                ; 1                ; 0                ; 0                ; 0                ; 0                ; 0                ; 0                ; 0                ; 0                ; 0                ; 0                ; 0               ; 0               ; 0               ; 0               ; 0               ; 0               ; 0               ; 0               ; 0               ; 0               ; 0                  ; 0                ; 1             ;
; ac_state.Lett_21               ; 0              ; 0                 ; 0                              ; 0                              ; 0                ; 0                ; 0                ; 0                ; 0                ; 0                ; 0                ; 0                ; 0                ; 0                ; 1                ; 0                ; 0                ; 0                ; 0                ; 0                ; 0                ; 0                ; 0                ; 0                ; 0                ; 0                ; 0               ; 0               ; 0               ; 0               ; 0               ; 0               ; 0               ; 0               ; 0               ; 0               ; 0                  ; 0                ; 1             ;
; ac_state.Lett_22               ; 0              ; 0                 ; 0                              ; 0                              ; 0                ; 0                ; 0                ; 0                ; 0                ; 0                ; 0                ; 0                ; 0                ; 1                ; 0                ; 0                ; 0                ; 0                ; 0                ; 0                ; 0                ; 0                ; 0                ; 0                ; 0                ; 0                ; 0               ; 0               ; 0               ; 0               ; 0               ; 0               ; 0               ; 0               ; 0               ; 0               ; 0                  ; 0                ; 1             ;
; ac_state.Lett_23               ; 0              ; 0                 ; 0                              ; 0                              ; 0                ; 0                ; 0                ; 0                ; 0                ; 0                ; 0                ; 0                ; 1                ; 0                ; 0                ; 0                ; 0                ; 0                ; 0                ; 0                ; 0                ; 0                ; 0                ; 0                ; 0                ; 0                ; 0               ; 0               ; 0               ; 0               ; 0               ; 0               ; 0               ; 0               ; 0               ; 0               ; 0                  ; 0                ; 1             ;
; ac_state.Lett_24               ; 0              ; 0                 ; 0                              ; 0                              ; 0                ; 0                ; 0                ; 0                ; 0                ; 0                ; 0                ; 1                ; 0                ; 0                ; 0                ; 0                ; 0                ; 0                ; 0                ; 0                ; 0                ; 0                ; 0                ; 0                ; 0                ; 0                ; 0               ; 0               ; 0               ; 0               ; 0               ; 0               ; 0               ; 0               ; 0               ; 0               ; 0                  ; 0                ; 1             ;
; ac_state.Lett_25               ; 0              ; 0                 ; 0                              ; 0                              ; 0                ; 0                ; 0                ; 0                ; 0                ; 0                ; 1                ; 0                ; 0                ; 0                ; 0                ; 0                ; 0                ; 0                ; 0                ; 0                ; 0                ; 0                ; 0                ; 0                ; 0                ; 0                ; 0               ; 0               ; 0               ; 0               ; 0               ; 0               ; 0               ; 0               ; 0               ; 0               ; 0                  ; 0                ; 1             ;
; ac_state.Lett_26               ; 0              ; 0                 ; 0                              ; 0                              ; 0                ; 0                ; 0                ; 0                ; 0                ; 1                ; 0                ; 0                ; 0                ; 0                ; 0                ; 0                ; 0                ; 0                ; 0                ; 0                ; 0                ; 0                ; 0                ; 0                ; 0                ; 0                ; 0               ; 0               ; 0               ; 0               ; 0               ; 0               ; 0               ; 0               ; 0               ; 0               ; 0                  ; 0                ; 1             ;
; ac_state.Lett_27               ; 0              ; 0                 ; 0                              ; 0                              ; 0                ; 0                ; 0                ; 0                ; 1                ; 0                ; 0                ; 0                ; 0                ; 0                ; 0                ; 0                ; 0                ; 0                ; 0                ; 0                ; 0                ; 0                ; 0                ; 0                ; 0                ; 0                ; 0               ; 0               ; 0               ; 0               ; 0               ; 0               ; 0               ; 0               ; 0               ; 0               ; 0                  ; 0                ; 1             ;
; ac_state.Lett_28               ; 0              ; 0                 ; 0                              ; 0                              ; 0                ; 0                ; 0                ; 1                ; 0                ; 0                ; 0                ; 0                ; 0                ; 0                ; 0                ; 0                ; 0                ; 0                ; 0                ; 0                ; 0                ; 0                ; 0                ; 0                ; 0                ; 0                ; 0               ; 0               ; 0               ; 0               ; 0               ; 0               ; 0               ; 0               ; 0               ; 0               ; 0                  ; 0                ; 1             ;
; ac_state.Lett_29               ; 0              ; 0                 ; 0                              ; 0                              ; 0                ; 0                ; 1                ; 0                ; 0                ; 0                ; 0                ; 0                ; 0                ; 0                ; 0                ; 0                ; 0                ; 0                ; 0                ; 0                ; 0                ; 0                ; 0                ; 0                ; 0                ; 0                ; 0               ; 0               ; 0               ; 0               ; 0               ; 0               ; 0               ; 0               ; 0               ; 0               ; 0                  ; 0                ; 1             ;
; ac_state.Lett_30               ; 0              ; 0                 ; 0                              ; 0                              ; 0                ; 1                ; 0                ; 0                ; 0                ; 0                ; 0                ; 0                ; 0                ; 0                ; 0                ; 0                ; 0                ; 0                ; 0                ; 0                ; 0                ; 0                ; 0                ; 0                ; 0                ; 0                ; 0               ; 0               ; 0               ; 0               ; 0               ; 0               ; 0               ; 0               ; 0               ; 0               ; 0                  ; 0                ; 1             ;
; ac_state.Lett_31               ; 0              ; 0                 ; 0                              ; 0                              ; 1                ; 0                ; 0                ; 0                ; 0                ; 0                ; 0                ; 0                ; 0                ; 0                ; 0                ; 0                ; 0                ; 0                ; 0                ; 0                ; 0                ; 0                ; 0                ; 0                ; 0                ; 0                ; 0               ; 0               ; 0               ; 0               ; 0               ; 0               ; 0               ; 0               ; 0               ; 0               ; 0                  ; 0                ; 1             ;
; ac_state.Func_Disp_Addr_cmd_00 ; 0              ; 0                 ; 0                              ; 1                              ; 0                ; 0                ; 0                ; 0                ; 0                ; 0                ; 0                ; 0                ; 0                ; 0                ; 0                ; 0                ; 0                ; 0                ; 0                ; 0                ; 0                ; 0                ; 0                ; 0                ; 0                ; 0                ; 0               ; 0               ; 0               ; 0               ; 0               ; 0               ; 0               ; 0               ; 0               ; 0               ; 0                  ; 0                ; 1             ;
; ac_state.Func_Disp_Addr_cmd_40 ; 0              ; 0                 ; 1                              ; 0                              ; 0                ; 0                ; 0                ; 0                ; 0                ; 0                ; 0                ; 0                ; 0                ; 0                ; 0                ; 0                ; 0                ; 0                ; 0                ; 0                ; 0                ; 0                ; 0                ; 0                ; 0                ; 0                ; 0               ; 0               ; 0               ; 0               ; 0               ; 0               ; 0               ; 0               ; 0               ; 0               ; 0                  ; 0                ; 1             ;
; ac_state.wait_cnt              ; 0              ; 1                 ; 0                              ; 0                              ; 0                ; 0                ; 0                ; 0                ; 0                ; 0                ; 0                ; 0                ; 0                ; 0                ; 0                ; 0                ; 0                ; 0                ; 0                ; 0                ; 0                ; 0                ; 0                ; 0                ; 0                ; 0                ; 0               ; 0               ; 0               ; 0               ; 0               ; 0               ; 0               ; 0               ; 0               ; 0               ; 0                  ; 0                ; 1             ;
; ac_state.shift                 ; 1              ; 0                 ; 0                              ; 0                              ; 0                ; 0                ; 0                ; 0                ; 0                ; 0                ; 0                ; 0                ; 0                ; 0                ; 0                ; 0                ; 0                ; 0                ; 0                ; 0                ; 0                ; 0                ; 0                ; 0                ; 0                ; 0                ; 0               ; 0               ; 0               ; 0               ; 0               ; 0               ; 0               ; 0               ; 0               ; 0               ; 0                  ; 0                ; 1             ;
+--------------------------------+----------------+-------------------+--------------------------------+--------------------------------+------------------+------------------+------------------+------------------+------------------+------------------+------------------+------------------+------------------+------------------+------------------+------------------+------------------+------------------+------------------+------------------+------------------+------------------+------------------+------------------+------------------+------------------+-----------------+-----------------+-----------------+-----------------+-----------------+-----------------+-----------------+-----------------+-----------------+-----------------+--------------------+------------------+---------------+


+----------------------------------------------------------------------------------------------------+
; User-Specified and Inferred Latches                                                                ;
+-----------------------------------------------------+---------------------+------------------------+
; Latch Name                                          ; Latch Enable Signal ; Free of Timing Hazards ;
+-----------------------------------------------------+---------------------+------------------------+
; RW$latch                                            ; ac_state.shift      ; yes                    ;
; RS$latch                                            ; ac_state.shift      ; yes                    ;
; DB[0]$latch                                         ; ac_state.shift      ; yes                    ;
; DB[1]$latch                                         ; ac_state.shift      ; yes                    ;
; DB[2]$latch                                         ; ac_state.shift      ; yes                    ;
; DB[3]$latch                                         ; ac_state.shift      ; yes                    ;
; DB[4]$latch                                         ; ac_state.shift      ; yes                    ;
; DB[5]$latch                                         ; ac_state.shift      ; yes                    ;
; DB[6]$latch                                         ; ac_state.shift      ; yes                    ;
; DB[7]$latch                                         ; ac_state.shift      ; yes                    ;
; Number of user-specified and inferred latches = 10  ;                     ;                        ;
+-----------------------------------------------------+---------------------+------------------------+
Note: All latches listed above may not be present at the end of synthesis due to various synthesis optimizations.


+------------------------------------------------------------+
; Registers Removed During Synthesis                         ;
+---------------------------------------+--------------------+
; Register name                         ; Reason for Removal ;
+---------------------------------------+--------------------+
; ac_state~6                            ; Lost fanout        ;
; ac_state~7                            ; Lost fanout        ;
; ac_state~8                            ; Lost fanout        ;
; ac_state~9                            ; Lost fanout        ;
; ac_state~10                           ; Lost fanout        ;
; ac_state~11                           ; Lost fanout        ;
; ac_state~12                           ; Lost fanout        ;
; Total Number of Removed Registers = 7 ;                    ;
+---------------------------------------+--------------------+


+------------------------------------------------------+
; General Register Statistics                          ;
+----------------------------------------------+-------+
; Statistic                                    ; Value ;
+----------------------------------------------+-------+
; Total registers                              ; 62    ;
; Number of registers using Synchronous Clear  ; 0     ;
; Number of registers using Synchronous Load   ; 0     ;
; Number of registers using Asynchronous Clear ; 62    ;
; Number of registers using Asynchronous Load  ; 0     ;
; Number of registers using Clock Enable       ; 40    ;
; Number of registers using Preset             ; 0     ;
+----------------------------------------------+-------+


+--------------------------------------------------------------------------+
; Parameter Settings for User Entity Instance: Top-level Entity: |LCDfatma ;
+-----------------------+----------+---------------------------------------+
; Parameter Name        ; Value    ; Type                                  ;
+-----------------------+----------+---------------------------------------+
; A_code                ; 01000001 ; Unsigned Binary                       ;
; B_code                ; 01000010 ; Unsigned Binary                       ;
; C_code                ; 01000011 ; Unsigned Binary                       ;
; D_code                ; 01000100 ; Unsigned Binary                       ;
; E_code                ; 01000101 ; Unsigned Binary                       ;
; F_code                ; 01000110 ; Unsigned Binary                       ;
; G_code                ; 01000111 ; Unsigned Binary                       ;
; H_code                ; 01001000 ; Unsigned Binary                       ;
; I_code                ; 01001001 ; Unsigned Binary                       ;
; J_code                ; 01001010 ; Unsigned Binary                       ;
; K_code                ; 01001011 ; Unsigned Binary                       ;
; L_code                ; 01001100 ; Unsigned Binary                       ;
; M_code                ; 01001101 ; Unsigned Binary                       ;
; N_code                ; 01001110 ; Unsigned Binary                       ;
; O_code                ; 01001111 ; Unsigned Binary                       ;
; P_code                ; 01010000 ; Unsigned Binary                       ;
; Q_code                ; 01010001 ; Unsigned Binary                       ;
; R_code                ; 01010010 ; Unsigned Binary                       ;
; S_code                ; 01010011 ; Unsigned Binary                       ;
; T_code                ; 01010100 ; Unsigned Binary                       ;
; U_code                ; 01010101 ; Unsigned Binary                       ;
; V_code                ; 01010110 ; Unsigned Binary                       ;
; W_code                ; 01010111 ; Unsigned Binary                       ;
; X_code                ; 01011000 ; Unsigned Binary                       ;
; Y_code                ; 01011001 ; Unsigned Binary                       ;
; Z_code                ; 01011010 ; Unsigned Binary                       ;
; blank_code            ; 00010000 ; Unsigned Binary                       ;
; init                  ; 0000000  ; Unsigned Binary                       ;
; Turn_on               ; 0000001  ; Unsigned Binary                       ;
; Two_lines             ; 0000010  ; Unsigned Binary                       ;
; Func_Disp_Addr_cmd_00 ; 0100011  ; Unsigned Binary                       ;
; Func_Disp_Addr_cmd_40 ; 0100100  ; Unsigned Binary                       ;
; wait_cnt              ; 0100101  ; Unsigned Binary                       ;
; shift                 ; 0100111  ; Unsigned Binary                       ;
; Lett_0                ; 0000011  ; Unsigned Binary                       ;
; Lett_1                ; 0000100  ; Unsigned Binary                       ;
; Lett_2                ; 0000101  ; Unsigned Binary                       ;
; Lett_3                ; 0000110  ; Unsigned Binary                       ;
; Lett_4                ; 0000111  ; Unsigned Binary                       ;
; Lett_5                ; 0001000  ; Unsigned Binary                       ;
; Lett_6                ; 0001001  ; Unsigned Binary                       ;
; Lett_7                ; 0001010  ; Unsigned Binary                       ;
; Lett_8                ; 0001011  ; Unsigned Binary                       ;
; Lett_9                ; 0001100  ; Unsigned Binary                       ;
; Lett_10               ; 0001101  ; Unsigned Binary                       ;
; Lett_11               ; 0001110  ; Unsigned Binary                       ;
; Lett_12               ; 0001111  ; Unsigned Binary                       ;
; Lett_13               ; 0010000  ; Unsigned Binary                       ;
; Lett_14               ; 0010001  ; Unsigned Binary                       ;
; Lett_15               ; 0010010  ; Unsigned Binary                       ;
; Lett_16               ; 0010011  ; Unsigned Binary                       ;
; Lett_17               ; 0010100  ; Unsigned Binary                       ;
; Lett_18               ; 0010101  ; Unsigned Binary                       ;
; Lett_19               ; 0010110  ; Unsigned Binary                       ;
; Lett_20               ; 0010111  ; Unsigned Binary                       ;
; Lett_21               ; 0011000  ; Unsigned Binary                       ;
; Lett_22               ; 0011001  ; Unsigned Binary                       ;
; Lett_23               ; 0011010  ; Unsigned Binary                       ;
; Lett_24               ; 0011011  ; Unsigned Binary                       ;
; Lett_25               ; 0011100  ; Unsigned Binary                       ;
; Lett_26               ; 0011101  ; Unsigned Binary                       ;
; Lett_27               ; 0011110  ; Unsigned Binary                       ;
; Lett_28               ; 0011111  ; Unsigned Binary                       ;
; Lett_29               ; 0100000  ; Unsigned Binary                       ;
; Lett_30               ; 0100001  ; Unsigned Binary                       ;
; Lett_31               ; 0100010  ; Unsigned Binary                       ;
+-----------------------+----------+---------------------------------------+
Note: In order to hide this table in the UI and the text report file, please set the "Show Parameter Settings in Synthesis Report" option in "Analysis and Synthesis Settings -> More Settings" to "Off".


+-------------------------------+
; Elapsed Time Per Partition    ;
+----------------+--------------+
; Partition Name ; Elapsed Time ;
+----------------+--------------+
; Top            ; 00:00:00     ;
+----------------+--------------+


+-------------------------------+
; Analysis & Synthesis Messages ;
+-------------------------------+
Info: *******************************************************************
Info: Running Quartus II 64-Bit Analysis & Synthesis
    Info: Version 10.1 Build 197 01/19/2011 Service Pack 1 SJ Web Edition
    Info: Processing started: Wed Oct 09 15:19:15 2019
Info: Command: quartus_map --read_settings_files=on --write_settings_files=off LCDfatma -c LCDfatma
Info: Found 1 design units, including 1 entities, in source file lcdfatma.v
    Info: Found entity 1: LCDfatma
Info: Elaborating entity "LCDfatma" for the top level hierarchy
Warning (10270): Verilog HDL Case Statement warning at LCDfatma.v(161): incomplete case statement has no default case item
Info (10264): Verilog HDL Case Statement information at LCDfatma.v(161): all case item expressions in this case statement are onehot
Warning (10240): Verilog HDL Always Construct warning at LCDfatma.v(159): inferring latch(es) for variable "DB", which holds its previous value in one or more paths through the always construct
Warning (10240): Verilog HDL Always Construct warning at LCDfatma.v(159): inferring latch(es) for variable "RW", which holds its previous value in one or more paths through the always construct
Warning (10240): Verilog HDL Always Construct warning at LCDfatma.v(159): inferring latch(es) for variable "RS", which holds its previous value in one or more paths through the always construct
Info (10041): Inferred latch for "RS" at LCDfatma.v(159)
Info (10041): Inferred latch for "RW" at LCDfatma.v(159)
Info (10041): Inferred latch for "DB[0]" at LCDfatma.v(159)
Info (10041): Inferred latch for "DB[1]" at LCDfatma.v(159)
Info (10041): Inferred latch for "DB[2]" at LCDfatma.v(159)
Info (10041): Inferred latch for "DB[3]" at LCDfatma.v(159)
Info (10041): Inferred latch for "DB[4]" at LCDfatma.v(159)
Info (10041): Inferred latch for "DB[5]" at LCDfatma.v(159)
Info (10041): Inferred latch for "DB[6]" at LCDfatma.v(159)
Info (10041): Inferred latch for "DB[7]" at LCDfatma.v(159)
Warning: Output pins are stuck at VCC or GND
    Warning (13410): Pin "ON" is stuck at VCC
    Warning (13410): Pin "BLON" is stuck at VCC
Info: 7 registers lost all their fanouts during netlist optimizations. The first 7 are displayed below.
    Info: Register "ac_state~6" lost all its fanouts during netlist optimizations.
    Info: Register "ac_state~7" lost all its fanouts during netlist optimizations.
    Info: Register "ac_state~8" lost all its fanouts during netlist optimizations.
    Info: Register "ac_state~9" lost all its fanouts during netlist optimizations.
    Info: Register "ac_state~10" lost all its fanouts during netlist optimizations.
    Info: Register "ac_state~11" lost all its fanouts during netlist optimizations.
    Info: Register "ac_state~12" lost all its fanouts during netlist optimizations.
Info: Generated suppressed messages file C:/de2/LCDfatma/LCDfatma.map.smsg
Info: Generating hard_block partition "hard_block:auto_generated_inst"
Info: Implemented 110 device resources after synthesis - the final resource count might be different
    Info: Implemented 2 input pins
    Info: Implemented 13 output pins
    Info: Implemented 95 logic cells
Info: Quartus II 64-Bit Analysis & Synthesis was successful. 0 errors, 7 warnings
    Info: Peak virtual memory: 4480 megabytes
    Info: Processing ended: Wed Oct 09 15:19:16 2019
    Info: Elapsed time: 00:00:01
    Info: Total CPU time (on all processors): 00:00:01


+------------------------------------------+
; Analysis & Synthesis Suppressed Messages ;
+------------------------------------------+
The suppressed messages can be found in C:/de2/LCDfatma/LCDfatma.map.smsg.


