Analysis & Synthesis report for johnson_8bit
Thu Oct 17 10:10:59 2019
Quartus II 64-Bit Version 10.1 Build 197 01/19/2011 Service Pack 1 SJ Web Edition


---------------------
; Table of Contents ;
---------------------
  1. Legal Notice
  2. Analysis & Synthesis Summary
  3. Analysis & Synthesis Settings
  4. Parallel Compilation
  5. Analysis & Synthesis Source Files Read
  6. Analysis & Synthesis Resource Usage Summary
  7. Analysis & Synthesis Resource Utilization by Entity
  8. User-Specified and Inferred Latches
  9. General Register Statistics
 10. Elapsed Time Per Partition
 11. Analysis & Synthesis Messages



----------------
; Legal Notice ;
----------------
Copyright (C) 1991-2011 Altera Corporation
Your use of Altera Corporation's design tools, logic functions 
and other software and tools, and its AMPP partner logic 
functions, and any output files from any of the foregoing 
(including device programming or simulation files), and any 
associated documentation or information are expressly subject 
to the terms and conditions of the Altera Program License 
Subscription Agreement, Altera MegaCore Function License 
Agreement, or other applicable license agreement, including, 
without limitation, that your use is for the sole purpose of 
programming logic devices manufactured by Altera and sold by 
Altera or its authorized distributors.  Please refer to the 
applicable agreement for further details.



+------------------------------------------------------------------------------------+
; Analysis & Synthesis Summary                                                       ;
+------------------------------------+-----------------------------------------------+
; Analysis & Synthesis Status        ; Successful - Thu Oct 17 10:10:59 2019         ;
; Quartus II 64-Bit Version          ; 10.1 Build 197 01/19/2011 SP 1 SJ Web Edition ;
; Revision Name                      ; johnson_8bit                                  ;
; Top-level Entity Name              ; johnson_8bit                                  ;
; Family                             ; Cyclone II                                    ;
; Total logic elements               ; 90                                            ;
;     Total combinational functions  ; 90                                            ;
;     Dedicated logic registers      ; 24                                            ;
; Total registers                    ; 24                                            ;
; Total pins                         ; 24                                            ;
; Total virtual pins                 ; 0                                             ;
; Total memory bits                  ; 0                                             ;
; Embedded Multiplier 9-bit elements ; 0                                             ;
; Total PLLs                         ; 0                                             ;
+------------------------------------+-----------------------------------------------+


+----------------------------------------------------------------------------------------------------------------------+
; Analysis & Synthesis Settings                                                                                        ;
+----------------------------------------------------------------------------+--------------------+--------------------+
; Option                                                                     ; Setting            ; Default Value      ;
+----------------------------------------------------------------------------+--------------------+--------------------+
; Device                                                                     ; EP2C35F672C6       ;                    ;
; Top-level entity name                                                      ; johnson_8bit       ; johnson_8bit       ;
; Family name                                                                ; Cyclone II         ; Cyclone IV GX      ;
; Use smart compilation                                                      ; Off                ; Off                ;
; Enable parallel Assembler and TimeQuest Timing Analyzer during compilation ; On                 ; On                 ;
; Enable compact report table                                                ; Off                ; Off                ;
; Restructure Multiplexers                                                   ; Auto               ; Auto               ;
; Create Debugging Nodes for IP Cores                                        ; Off                ; Off                ;
; Preserve fewer node names                                                  ; On                 ; On                 ;
; Disable OpenCore Plus hardware evaluation                                  ; Off                ; Off                ;
; Verilog Version                                                            ; Verilog_2001       ; Verilog_2001       ;
; VHDL Version                                                               ; VHDL_1993          ; VHDL_1993          ;
; State Machine Processing                                                   ; Auto               ; Auto               ;
; Safe State Machine                                                         ; Off                ; Off                ;
; Extract Verilog State Machines                                             ; On                 ; On                 ;
; Extract VHDL State Machines                                                ; On                 ; On                 ;
; Ignore Verilog initial constructs                                          ; Off                ; Off                ;
; Iteration limit for constant Verilog loops                                 ; 5000               ; 5000               ;
; Iteration limit for non-constant Verilog loops                             ; 250                ; 250                ;
; Add Pass-Through Logic to Inferred RAMs                                    ; On                 ; On                 ;
; Parallel Synthesis                                                         ; On                 ; On                 ;
; DSP Block Balancing                                                        ; Auto               ; Auto               ;
; NOT Gate Push-Back                                                         ; On                 ; On                 ;
; Power-Up Don't Care                                                        ; On                 ; On                 ;
; Remove Redundant Logic Cells                                               ; Off                ; Off                ;
; Remove Duplicate Registers                                                 ; On                 ; On                 ;
; Ignore CARRY Buffers                                                       ; Off                ; Off                ;
; Ignore CASCADE Buffers                                                     ; Off                ; Off                ;
; Ignore GLOBAL Buffers                                                      ; Off                ; Off                ;
; Ignore ROW GLOBAL Buffers                                                  ; Off                ; Off                ;
; Ignore LCELL Buffers                                                       ; Off                ; Off                ;
; Ignore SOFT Buffers                                                        ; On                 ; On                 ;
; Limit AHDL Integers to 32 Bits                                             ; Off                ; Off                ;
; Optimization Technique                                                     ; Balanced           ; Balanced           ;
; Carry Chain Length                                                         ; 70                 ; 70                 ;
; Auto Carry Chains                                                          ; On                 ; On                 ;
; Auto Open-Drain Pins                                                       ; On                 ; On                 ;
; Perform WYSIWYG Primitive Resynthesis                                      ; Off                ; Off                ;
; Auto ROM Replacement                                                       ; On                 ; On                 ;
; Auto RAM Replacement                                                       ; On                 ; On                 ;
; Auto Shift Register Replacement                                            ; Auto               ; Auto               ;
; Auto Clock Enable Replacement                                              ; On                 ; On                 ;
; Strict RAM Replacement                                                     ; Off                ; Off                ;
; Allow Synchronous Control Signals                                          ; On                 ; On                 ;
; Force Use of Synchronous Clear Signals                                     ; Off                ; Off                ;
; Auto RAM to Logic Cell Conversion                                          ; Off                ; Off                ;
; Auto Resource Sharing                                                      ; Off                ; Off                ;
; Allow Any RAM Size For Recognition                                         ; Off                ; Off                ;
; Allow Any ROM Size For Recognition                                         ; Off                ; Off                ;
; Allow Any Shift Register Size For Recognition                              ; Off                ; Off                ;
; Use LogicLock Constraints during Resource Balancing                        ; On                 ; On                 ;
; Ignore translate_off and synthesis_off directives                          ; Off                ; Off                ;
; Timing-Driven Synthesis                                                    ; Off                ; Off                ;
; Report Parameter Settings                                                  ; On                 ; On                 ;
; Report Source Assignments                                                  ; On                 ; On                 ;
; Report Connectivity Checks                                                 ; On                 ; On                 ;
; Ignore Maximum Fan-Out Assignments                                         ; Off                ; Off                ;
; Synchronization Register Chain Length                                      ; 2                  ; 2                  ;
; PowerPlay Power Optimization                                               ; Normal compilation ; Normal compilation ;
; HDL message level                                                          ; Level2             ; Level2             ;
; Suppress Register Optimization Related Messages                            ; Off                ; Off                ;
; Number of Removed Registers Reported in Synthesis Report                   ; 5000               ; 5000               ;
; Number of Inverted Registers Reported in Synthesis Report                  ; 100                ; 100                ;
; Clock MUX Protection                                                       ; On                 ; On                 ;
; Auto Gated Clock Conversion                                                ; Off                ; Off                ;
; Block Design Naming                                                        ; Auto               ; Auto               ;
; SDC constraint protection                                                  ; Off                ; Off                ;
; Synthesis Effort                                                           ; Auto               ; Auto               ;
; Shift Register Replacement - Allow Asynchronous Clear Signal               ; On                 ; On                 ;
; Analysis & Synthesis Message Level                                         ; Medium             ; Medium             ;
; Disable Register Merging Across Hierarchies                                ; Auto               ; Auto               ;
; Resource Aware Inference For Block RAM                                     ; On                 ; On                 ;
; Synthesis Seed                                                             ; 1                  ; 1                  ;
+----------------------------------------------------------------------------+--------------------+--------------------+


Parallel compilation was disabled, but you have multiple processors available. Enable parallel compilation to reduce compilation time.
+-------------------------------------+
; Parallel Compilation                ;
+----------------------------+--------+
; Processors                 ; Number ;
+----------------------------+--------+
; Number detected on machine ; 4      ;
; Maximum allowed            ; 1      ;
+----------------------------+--------+


+------------------------------------------------------------------------------------------------------------------+
; Analysis & Synthesis Source Files Read                                                                           ;
+----------------------------------+-----------------+------------------------+------------------------------------+
; File Name with User-Entered Path ; Used in Netlist ; File Type              ; File Name with Absolute Path       ;
+----------------------------------+-----------------+------------------------+------------------------------------+
; johnson_8bit.v                   ; yes             ; User Verilog HDL File  ; C:/de2/johnson_8bit/johnson_8bit.v ;
+----------------------------------+-----------------+------------------------+------------------------------------+


+-----------------------------------------------------+
; Analysis & Synthesis Resource Usage Summary         ;
+---------------------------------------------+-------+
; Resource                                    ; Usage ;
+---------------------------------------------+-------+
; Estimated Total logic elements              ; 90    ;
;                                             ;       ;
; Total combinational functions               ; 90    ;
; Logic element usage by number of LUT inputs ;       ;
;     -- 4 input functions                    ; 8     ;
;     -- 3 input functions                    ; 48    ;
;     -- <=2 input functions                  ; 34    ;
;                                             ;       ;
; Logic elements by mode                      ;       ;
;     -- normal mode                          ; 58    ;
;     -- arithmetic mode                      ; 32    ;
;                                             ;       ;
; Total registers                             ; 24    ;
;     -- Dedicated logic registers            ; 24    ;
;     -- I/O registers                        ; 0     ;
;                                             ;       ;
; I/O pins                                    ; 24    ;
; Maximum fan-out node                        ; reset ;
; Maximum fan-out                             ; 24    ;
; Total fan-out                               ; 299   ;
; Average fan-out                             ; 2.17  ;
+---------------------------------------------+-------+


+-----------------------------------------------------------------------------------------------------------------------------------------------------------------------------+
; Analysis & Synthesis Resource Utilization by Entity                                                                                                                         ;
+----------------------------+-------------------+--------------+-------------+--------------+---------+-----------+------+--------------+---------------------+--------------+
; Compilation Hierarchy Node ; LC Combinationals ; LC Registers ; Memory Bits ; DSP Elements ; DSP 9x9 ; DSP 18x18 ; Pins ; Virtual Pins ; Full Hierarchy Name ; Library Name ;
+----------------------------+-------------------+--------------+-------------+--------------+---------+-----------+------+--------------+---------------------+--------------+
; |johnson_8bit              ; 90 (90)           ; 24 (24)      ; 0           ; 0            ; 0       ; 0         ; 24   ; 0            ; |johnson_8bit       ;              ;
+----------------------------+-------------------+--------------+-------------+--------------+---------+-----------+------+--------------+---------------------+--------------+
Note: For table entries with two numbers listed, the numbers in parentheses indicate the number of resources of the given type used by the specific entity alone. The numbers listed outside of parentheses indicate the total resources of the given type used by the specific entity and all of its sub-entities in the hierarchy.


+----------------------------------------------------------------------------------------------------+
; User-Specified and Inferred Latches                                                                ;
+-----------------------------------------------------+---------------------+------------------------+
; Latch Name                                          ; Latch Enable Signal ; Free of Timing Hazards ;
+-----------------------------------------------------+---------------------+------------------------+
; HEX0[0]$latch                                       ; Mux15               ; yes                    ;
; HEX0[1]$latch                                       ; Mux15               ; yes                    ;
; HEX0[2]$latch                                       ; Mux15               ; yes                    ;
; HEX0[3]$latch                                       ; Mux15               ; yes                    ;
; HEX0[4]$latch                                       ; Mux15               ; yes                    ;
; HEX0[5]$latch                                       ; Mux15               ; yes                    ;
; HEX0[6]$latch                                       ; Mux15               ; yes                    ;
; HEX1[0]$latch                                       ; Mux7                ; yes                    ;
; HEX1[1]$latch                                       ; Mux7                ; yes                    ;
; HEX1[2]$latch                                       ; Mux7                ; yes                    ;
; HEX1[3]$latch                                       ; Mux7                ; yes                    ;
; HEX1[4]$latch                                       ; Mux7                ; yes                    ;
; HEX1[5]$latch                                       ; Mux7                ; yes                    ;
; HEX1[6]$latch                                       ; Mux7                ; yes                    ;
; Number of user-specified and inferred latches = 14  ;                     ;                        ;
+-----------------------------------------------------+---------------------+------------------------+
Note: All latches listed above may not be present at the end of synthesis due to various synthesis optimizations.


+------------------------------------------------------+
; General Register Statistics                          ;
+----------------------------------------------+-------+
; Statistic                                    ; Value ;
+----------------------------------------------+-------+
; Total registers                              ; 24    ;
; Number of registers using Synchronous Clear  ; 0     ;
; Number of registers using Synchronous Load   ; 0     ;
; Number of registers using Asynchronous Clear ; 0     ;
; Number of registers using Asynchronous Load  ; 0     ;
; Number of registers using Clock Enable       ; 0     ;
; Number of registers using Preset             ; 0     ;
+----------------------------------------------+-------+


+-------------------------------+
; Elapsed Time Per Partition    ;
+----------------+--------------+
; Partition Name ; Elapsed Time ;
+----------------+--------------+
; Top            ; 00:00:00     ;
+----------------+--------------+


+-------------------------------+
; Analysis & Synthesis Messages ;
+-------------------------------+
Info: *******************************************************************
Info: Running Quartus II 64-Bit Analysis & Synthesis
    Info: Version 10.1 Build 197 01/19/2011 Service Pack 1 SJ Web Edition
    Info: Processing started: Thu Oct 17 10:10:57 2019
Info: Command: quartus_map --read_settings_files=on --write_settings_files=off johnson_8bit -c johnson_8bit
Info: Found 1 design units, including 1 entities, in source file johnson_8bit.v
    Info: Found entity 1: johnson_8bit
Info: Found 1 design units, including 1 entities, in source file johnson_8bit_tb.v
    Info: Found entity 1: johnson_8bit_tb
Info: Elaborating entity "johnson_8bit" for the top level hierarchy
Warning (10270): Verilog HDL Case Statement warning at johnson_8bit.v(63): incomplete case statement has no default case item
Warning (10240): Verilog HDL Always Construct warning at johnson_8bit.v(61): inferring latch(es) for variable "HEX0", which holds its previous value in one or more paths through the always construct
Warning (10270): Verilog HDL Case Statement warning at johnson_8bit.v(85): incomplete case statement has no default case item
Warning (10240): Verilog HDL Always Construct warning at johnson_8bit.v(83): inferring latch(es) for variable "HEX1", which holds its previous value in one or more paths through the always construct
Info (10041): Inferred latch for "HEX1[0]" at johnson_8bit.v(83)
Info (10041): Inferred latch for "HEX1[1]" at johnson_8bit.v(83)
Info (10041): Inferred latch for "HEX1[2]" at johnson_8bit.v(83)
Info (10041): Inferred latch for "HEX1[3]" at johnson_8bit.v(83)
Info (10041): Inferred latch for "HEX1[4]" at johnson_8bit.v(83)
Info (10041): Inferred latch for "HEX1[5]" at johnson_8bit.v(83)
Info (10041): Inferred latch for "HEX1[6]" at johnson_8bit.v(83)
Info (10041): Inferred latch for "HEX0[0]" at johnson_8bit.v(61)
Info (10041): Inferred latch for "HEX0[1]" at johnson_8bit.v(61)
Info (10041): Inferred latch for "HEX0[2]" at johnson_8bit.v(61)
Info (10041): Inferred latch for "HEX0[3]" at johnson_8bit.v(61)
Info (10041): Inferred latch for "HEX0[4]" at johnson_8bit.v(61)
Info (10041): Inferred latch for "HEX0[5]" at johnson_8bit.v(61)
Info (10041): Inferred latch for "HEX0[6]" at johnson_8bit.v(61)
Warning: Latch HEX0[0]$latch has unsafe behavior
    Warning: Ports D and ENA on the latch are fed by the same signal Add3~synth
Warning: Latch HEX0[1]$latch has unsafe behavior
    Warning: Ports D and ENA on the latch are fed by the same signal Add3~synth
Warning: Latch HEX0[2]$latch has unsafe behavior
    Warning: Ports D and ENA on the latch are fed by the same signal Add3~synth
Warning: Latch HEX0[3]$latch has unsafe behavior
    Warning: Ports D and ENA on the latch are fed by the same signal Add3~synth
Warning: Latch HEX0[4]$latch has unsafe behavior
    Warning: Ports D and ENA on the latch are fed by the same signal Add3~synth
Warning: Latch HEX0[5]$latch has unsafe behavior
    Warning: Ports D and ENA on the latch are fed by the same signal Add3~synth
Warning: Latch HEX0[6]$latch has unsafe behavior
    Warning: Ports D and ENA on the latch are fed by the same signal Add3~synth
Warning: Latch HEX1[0]$latch has unsafe behavior
    Warning: Ports D and ENA on the latch are fed by the same signal Add3~synth
Warning: Latch HEX1[1]$latch has unsafe behavior
    Warning: Ports D and ENA on the latch are fed by the same signal Add3~synth
Warning: Latch HEX1[2]$latch has unsafe behavior
    Warning: Ports D and ENA on the latch are fed by the same signal Add3~synth
Warning: Latch HEX1[3]$latch has unsafe behavior
    Warning: Ports D and ENA on the latch are fed by the same signal Add3~synth
Warning: Latch HEX1[4]$latch has unsafe behavior
    Warning: Ports D and ENA on the latch are fed by the same signal Add3~synth
Warning: Latch HEX1[5]$latch has unsafe behavior
    Warning: Ports D and ENA on the latch are fed by the same signal Add3~synth
Warning: Latch HEX1[6]$latch has unsafe behavior
    Warning: Ports D and ENA on the latch are fed by the same signal Add3~synth
Info: Generating hard_block partition "hard_block:auto_generated_inst"
Info: Implemented 114 device resources after synthesis - the final resource count might be different
    Info: Implemented 10 input pins
    Info: Implemented 14 output pins
    Info: Implemented 90 logic cells
Info: Quartus II 64-Bit Analysis & Synthesis was successful. 0 errors, 32 warnings
    Info: Peak virtual memory: 4480 megabytes
    Info: Processing ended: Thu Oct 17 10:10:59 2019
    Info: Elapsed time: 00:00:02
    Info: Total CPU time (on all processors): 00:00:01


